Determining size of ssize_t failed with the following output:
Change Dir: C:/Users/vic/Documents/obs-dev/obs-studio/build32/CMakeFiles/CMakeTmp

Run Build Command:"C:/Program Files (x86)/MSBuild/14.0/bin/MSBuild.exe" "cmTC_f0d7e.vcxproj" "/p:Configuration=Debug" "/p:VisualStudioVersion=14.0"
Microsoft (R) Build Engine version 14.0.25420.1
Copyright (C) Microsoft Corporation. 著作權所有，並保留一切權利。

已經開始建置於 3/15/17 16:02:30。
節點 1 (預設目標) 上的專案 "C:\Users\vic\Documents\obs-dev\obs-studio\build32\CMakeFiles\CMakeTmp\cmTC_f0d7e.vcxproj"。
PrepareForBuild:
  正在建立目錄 "cmTC_f0d7e.dir\Debug\"。
  正在建立目錄 "C:\Users\vic\Documents\obs-dev\obs-studio\build32\CMakeFiles\CMakeTmp\Debug\"。
  正在建立目錄 "cmTC_f0d7e.dir\Debug\cmTC_f0d7e.tlog\"。
InitializeBuildStatus:
  由於指定了 "AlwaysCreate"，因此正在建立 "cmTC_f0d7e.dir\Debug\cmTC_f0d7e.tlog\unsuccessfulbuild"。
ClCompile:
  C:\Program Files (x86)\Microsoft Visual Studio 14.0\VC\bin\CL.exe /c /Zi /W3 /WX- /Od /Ob0 /Oy- /D WIN32 /D _WINDOWS /D _DEBUG /D "CMAKE_INTDIR=\"Debug\"" /D _MBCS /Gm- /RTC1 /MDd /GS /fp:precise /Zc:wchar_t /Zc:forScope /Zc:inline /Fo"cmTC_f0d7e.dir\Debug\\" /Fd"cmTC_f0d7e.dir\Debug\vc140.pdb" /Gd /TC /analyze- /errorReport:queue "C:\Users\vic\Documents\obs-dev\obs-studio\build32\CMakeFiles\CheckTypeSize\SSIZE_T.c"
  Microsoft (R) C/C++ Optimizing Compiler Version 19.00.24215.1 for x86
  Copyright (C) Microsoft Corporation.  All rights reserved.
  
  cl /c /Zi /W3 /WX- /Od /Ob0 /Oy- /D WIN32 /D _WINDOWS /D _DEBUG /D "CMAKE_INTDIR=\"Debug\"" /D _MBCS /Gm- /RTC1 /MDd /GS /fp:precise /Zc:wchar_t /Zc:forScope /Zc:inline /Fo"cmTC_f0d7e.dir\Debug\\" /Fd"cmTC_f0d7e.dir\Debug\vc140.pdb" /Gd /TC /analyze- /errorReport:queue "C:\Users\vic\Documents\obs-dev\obs-studio\build32\CMakeFiles\CheckTypeSize\SSIZE_T.c"
  
  SSIZE_T.c
C:\Users\vic\Documents\obs-dev\obs-studio\build32\CMakeFiles\CheckTypeSize\SSIZE_T.c(19): error C2065: 'ssize_t': undeclared identifier [C:\Users\vic\Documents\obs-dev\obs-studio\build32\CMakeFiles\CMakeTmp\cmTC_f0d7e.vcxproj]
C:\Users\vic\Documents\obs-dev\obs-studio\build32\CMakeFiles\CheckTypeSize\SSIZE_T.c(20): error C2065: 'ssize_t': undeclared identifier [C:\Users\vic\Documents\obs-dev\obs-studio\build32\CMakeFiles\CMakeTmp\cmTC_f0d7e.vcxproj]
C:\Users\vic\Documents\obs-dev\obs-studio\build32\CMakeFiles\CheckTypeSize\SSIZE_T.c(21): error C2065: 'ssize_t': undeclared identifier [C:\Users\vic\Documents\obs-dev\obs-studio\build32\CMakeFiles\CMakeTmp\cmTC_f0d7e.vcxproj]
C:\Users\vic\Documents\obs-dev\obs-studio\build32\CMakeFiles\CheckTypeSize\SSIZE_T.c(22): error C2065: 'ssize_t': undeclared identifier [C:\Users\vic\Documents\obs-dev\obs-studio\build32\CMakeFiles\CMakeTmp\cmTC_f0d7e.vcxproj]
C:\Users\vic\Documents\obs-dev\obs-studio\build32\CMakeFiles\CheckTypeSize\SSIZE_T.c(23): error C2065: 'ssize_t': undeclared identifier [C:\Users\vic\Documents\obs-dev\obs-studio\build32\CMakeFiles\CMakeTmp\cmTC_f0d7e.vcxproj]
專案 "C:\Users\vic\Documents\obs-dev\obs-studio\build32\CMakeFiles\CMakeTmp\cmTC_f0d7e.vcxproj" (預設目標) 建置完成 -- 失敗。

建置失敗。

"C:\Users\vic\Documents\obs-dev\obs-studio\build32\CMakeFiles\CMakeTmp\cmTC_f0d7e.vcxproj" (預設目標) (1) ->
(ClCompile 目標) -> 
  C:\Users\vic\Documents\obs-dev\obs-studio\build32\CMakeFiles\CheckTypeSize\SSIZE_T.c(19): error C2065: 'ssize_t': undeclared identifier [C:\Users\vic\Documents\obs-dev\obs-studio\build32\CMakeFiles\CMakeTmp\cmTC_f0d7e.vcxproj]
  C:\Users\vic\Documents\obs-dev\obs-studio\build32\CMakeFiles\CheckTypeSize\SSIZE_T.c(20): error C2065: 'ssize_t': undeclared identifier [C:\Users\vic\Documents\obs-dev\obs-studio\build32\CMakeFiles\CMakeTmp\cmTC_f0d7e.vcxproj]
  C:\Users\vic\Documents\obs-dev\obs-studio\build32\CMakeFiles\CheckTypeSize\SSIZE_T.c(21): error C2065: 'ssize_t': undeclared identifier [C:\Users\vic\Documents\obs-dev\obs-studio\build32\CMakeFiles\CMakeTmp\cmTC_f0d7e.vcxproj]
  C:\Users\vic\Documents\obs-dev\obs-studio\build32\CMakeFiles\CheckTypeSize\SSIZE_T.c(22): error C2065: 'ssize_t': undeclared identifier [C:\Users\vic\Documents\obs-dev\obs-studio\build32\CMakeFiles\CMakeTmp\cmTC_f0d7e.vcxproj]
  C:\Users\vic\Documents\obs-dev\obs-studio\build32\CMakeFiles\CheckTypeSize\SSIZE_T.c(23): error C2065: 'ssize_t': undeclared identifier [C:\Users\vic\Documents\obs-dev\obs-studio\build32\CMakeFiles\CMakeTmp\cmTC_f0d7e.vcxproj]

    0 個警告
    5 個錯誤

經過時間 00:00:00.58

C:/Users/vic/Documents/obs-dev/obs-studio/build32/CMakeFiles/CheckTypeSize/SSIZE_T.c:
#include <sys/types.h>
#include <stdint.h>
#include <stddef.h>


#undef KEY
#if defined(__i386)
# define KEY '_','_','i','3','8','6'
#elif defined(__x86_64)
# define KEY '_','_','x','8','6','_','6','4'
#elif defined(__ppc__)
# define KEY '_','_','p','p','c','_','_'
#elif defined(__ppc64__)
# define KEY '_','_','p','p','c','6','4','_','_'
#endif

#define SIZE (sizeof(ssize_t))
char info_size[] =  {'I', 'N', 'F', 'O', ':', 's','i','z','e','[',
  ('0' + ((SIZE / 10000)%10)),
  ('0' + ((SIZE / 1000)%10)),
  ('0' + ((SIZE / 100)%10)),
  ('0' + ((SIZE / 10)%10)),
  ('0' +  (SIZE    % 10)),
  ']',
#ifdef KEY
  ' ','k','e','y','[', KEY, ']',
#endif
  '\0'};

#ifdef __CLASSIC_C__
int main(argc, argv) int argc; char *argv[];
#else
int main(int argc, char *argv[])
#endif
{
  int require = 0;
  require += info_size[argc];
  (void)argv;
  return require;
}


Determining size of SSIZE_T failed with the following output:
Change Dir: C:/Users/vic/Documents/obs-dev/obs-studio/build32/CMakeFiles/CMakeTmp

Run Build Command:"C:/Program Files (x86)/MSBuild/14.0/bin/MSBuild.exe" "cmTC_fdf78.vcxproj" "/p:Configuration=Debug" "/p:VisualStudioVersion=14.0"
Microsoft (R) Build Engine version 14.0.25420.1
Copyright (C) Microsoft Corporation. 著作權所有，並保留一切權利。

已經開始建置於 3/15/17 16:02:31。
節點 1 (預設目標) 上的專案 "C:\Users\vic\Documents\obs-dev\obs-studio\build32\CMakeFiles\CMakeTmp\cmTC_fdf78.vcxproj"。
PrepareForBuild:
  正在建立目錄 "cmTC_fdf78.dir\Debug\"。
  正在建立目錄 "C:\Users\vic\Documents\obs-dev\obs-studio\build32\CMakeFiles\CMakeTmp\Debug\"。
  正在建立目錄 "cmTC_fdf78.dir\Debug\cmTC_fdf78.tlog\"。
InitializeBuildStatus:
  由於指定了 "AlwaysCreate"，因此正在建立 "cmTC_fdf78.dir\Debug\cmTC_fdf78.tlog\unsuccessfulbuild"。
ClCompile:
  C:\Program Files (x86)\Microsoft Visual Studio 14.0\VC\bin\CL.exe /c /Zi /W3 /WX- /Od /Ob0 /Oy- /D WIN32 /D _WINDOWS /D _DEBUG /D "CMAKE_INTDIR=\"Debug\"" /D _MBCS /Gm- /RTC1 /MDd /GS /fp:precise /Zc:wchar_t /Zc:forScope /Zc:inline /Fo"cmTC_fdf78.dir\Debug\\" /Fd"cmTC_fdf78.dir\Debug\vc140.pdb" /Gd /TC /analyze- /errorReport:queue "C:\Users\vic\Documents\obs-dev\obs-studio\build32\CMakeFiles\CheckTypeSize\UPPERCASE_SSIZE_T.c"
  Microsoft (R) C/C++ Optimizing Compiler Version 19.00.24215.1 for x86
  Copyright (C) Microsoft Corporation.  All rights reserved.
  
  cl /c /Zi /W3 /WX- /Od /Ob0 /Oy- /D WIN32 /D _WINDOWS /D _DEBUG /D "CMAKE_INTDIR=\"Debug\"" /D _MBCS /Gm- /RTC1 /MDd /GS /fp:precise /Zc:wchar_t /Zc:forScope /Zc:inline /Fo"cmTC_fdf78.dir\Debug\\" /Fd"cmTC_fdf78.dir\Debug\vc140.pdb" /Gd /TC /analyze- /errorReport:queue "C:\Users\vic\Documents\obs-dev\obs-studio\build32\CMakeFiles\CheckTypeSize\UPPERCASE_SSIZE_T.c"
  
  UPPERCASE_SSIZE_T.c
C:\Users\vic\Documents\obs-dev\obs-studio\build32\CMakeFiles\CheckTypeSize\UPPERCASE_SSIZE_T.c(19): error C2065: 'SSIZE_T': undeclared identifier [C:\Users\vic\Documents\obs-dev\obs-studio\build32\CMakeFiles\CMakeTmp\cmTC_fdf78.vcxproj]
C:\Users\vic\Documents\obs-dev\obs-studio\build32\CMakeFiles\CheckTypeSize\UPPERCASE_SSIZE_T.c(20): error C2065: 'SSIZE_T': undeclared identifier [C:\Users\vic\Documents\obs-dev\obs-studio\build32\CMakeFiles\CMakeTmp\cmTC_fdf78.vcxproj]
C:\Users\vic\Documents\obs-dev\obs-studio\build32\CMakeFiles\CheckTypeSize\UPPERCASE_SSIZE_T.c(21): error C2065: 'SSIZE_T': undeclared identifier [C:\Users\vic\Documents\obs-dev\obs-studio\build32\CMakeFiles\CMakeTmp\cmTC_fdf78.vcxproj]
C:\Users\vic\Documents\obs-dev\obs-studio\build32\CMakeFiles\CheckTypeSize\UPPERCASE_SSIZE_T.c(22): error C2065: 'SSIZE_T': undeclared identifier [C:\Users\vic\Documents\obs-dev\obs-studio\build32\CMakeFiles\CMakeTmp\cmTC_fdf78.vcxproj]
C:\Users\vic\Documents\obs-dev\obs-studio\build32\CMakeFiles\CheckTypeSize\UPPERCASE_SSIZE_T.c(23): error C2065: 'SSIZE_T': undeclared identifier [C:\Users\vic\Documents\obs-dev\obs-studio\build32\CMakeFiles\CMakeTmp\cmTC_fdf78.vcxproj]
專案 "C:\Users\vic\Documents\obs-dev\obs-studio\build32\CMakeFiles\CMakeTmp\cmTC_fdf78.vcxproj" (預設目標) 建置完成 -- 失敗。

建置失敗。

"C:\Users\vic\Documents\obs-dev\obs-studio\build32\CMakeFiles\CMakeTmp\cmTC_fdf78.vcxproj" (預設目標) (1) ->
(ClCompile 目標) -> 
  C:\Users\vic\Documents\obs-dev\obs-studio\build32\CMakeFiles\CheckTypeSize\UPPERCASE_SSIZE_T.c(19): error C2065: 'SSIZE_T': undeclared identifier [C:\Users\vic\Documents\obs-dev\obs-studio\build32\CMakeFiles\CMakeTmp\cmTC_fdf78.vcxproj]
  C:\Users\vic\Documents\obs-dev\obs-studio\build32\CMakeFiles\CheckTypeSize\UPPERCASE_SSIZE_T.c(20): error C2065: 'SSIZE_T': undeclared identifier [C:\Users\vic\Documents\obs-dev\obs-studio\build32\CMakeFiles\CMakeTmp\cmTC_fdf78.vcxproj]
  C:\Users\vic\Documents\obs-dev\obs-studio\build32\CMakeFiles\CheckTypeSize\UPPERCASE_SSIZE_T.c(21): error C2065: 'SSIZE_T': undeclared identifier [C:\Users\vic\Documents\obs-dev\obs-studio\build32\CMakeFiles\CMakeTmp\cmTC_fdf78.vcxproj]
  C:\Users\vic\Documents\obs-dev\obs-studio\build32\CMakeFiles\CheckTypeSize\UPPERCASE_SSIZE_T.c(22): error C2065: 'SSIZE_T': undeclared identifier [C:\Users\vic\Documents\obs-dev\obs-studio\build32\CMakeFiles\CMakeTmp\cmTC_fdf78.vcxproj]
  C:\Users\vic\Documents\obs-dev\obs-studio\build32\CMakeFiles\CheckTypeSize\UPPERCASE_SSIZE_T.c(23): error C2065: 'SSIZE_T': undeclared identifier [C:\Users\vic\Documents\obs-dev\obs-studio\build32\CMakeFiles\CMakeTmp\cmTC_fdf78.vcxproj]

    0 個警告
    5 個錯誤

經過時間 00:00:00.53

C:/Users/vic/Documents/obs-dev/obs-studio/build32/CMakeFiles/CheckTypeSize/UPPERCASE_SSIZE_T.c:
#include <sys/types.h>
#include <stdint.h>
#include <stddef.h>


#undef KEY
#if defined(__i386)
# define KEY '_','_','i','3','8','6'
#elif defined(__x86_64)
# define KEY '_','_','x','8','6','_','6','4'
#elif defined(__ppc__)
# define KEY '_','_','p','p','c','_','_'
#elif defined(__ppc64__)
# define KEY '_','_','p','p','c','6','4','_','_'
#endif

#define SIZE (sizeof(SSIZE_T))
char info_size[] =  {'I', 'N', 'F', 'O', ':', 's','i','z','e','[',
  ('0' + ((SIZE / 10000)%10)),
  ('0' + ((SIZE / 1000)%10)),
  ('0' + ((SIZE / 100)%10)),
  ('0' + ((SIZE / 10)%10)),
  ('0' +  (SIZE    % 10)),
  ']',
#ifdef KEY
  ' ','k','e','y','[', KEY, ']',
#endif
  '\0'};

#ifdef __CLASSIC_C__
int main(argc, argv) int argc; char *argv[];
#else
int main(int argc, char *argv[])
#endif
{
  int require = 0;
  require += info_size[argc];
  (void)argv;
  return require;
}


Determining if the function strtoq exists failed with the following output:
Change Dir: C:/Users/vic/Documents/obs-dev/obs-studio/build32/CMakeFiles/CMakeTmp

Run Build Command:"C:/Program Files (x86)/MSBuild/14.0/bin/MSBuild.exe" "cmTC_4ebad.vcxproj" "/p:Configuration=Debug" "/p:VisualStudioVersion=14.0"
Microsoft (R) Build Engine version 14.0.25420.1
Copyright (C) Microsoft Corporation. 著作權所有，並保留一切權利。

已經開始建置於 3/15/17 16:02:33。
節點 1 (預設目標) 上的專案 "C:\Users\vic\Documents\obs-dev\obs-studio\build32\CMakeFiles\CMakeTmp\cmTC_4ebad.vcxproj"。
PrepareForBuild:
  正在建立目錄 "cmTC_4ebad.dir\Debug\"。
  正在建立目錄 "C:\Users\vic\Documents\obs-dev\obs-studio\build32\CMakeFiles\CMakeTmp\Debug\"。
  正在建立目錄 "cmTC_4ebad.dir\Debug\cmTC_4ebad.tlog\"。
InitializeBuildStatus:
  由於指定了 "AlwaysCreate"，因此正在建立 "cmTC_4ebad.dir\Debug\cmTC_4ebad.tlog\unsuccessfulbuild"。
ClCompile:
  C:\Program Files (x86)\Microsoft Visual Studio 14.0\VC\bin\CL.exe /c /Zi /W3 /WX- /Od /Ob0 /Oy- /D WIN32 /D _WINDOWS /D CHECK_FUNCTION_EXISTS=strtoq /D _DEBUG /D "CMAKE_INTDIR=\"Debug\"" /D _MBCS /Gm- /RTC1 /MDd /GS /fp:precise /Zc:wchar_t /Zc:forScope /Zc:inline /Fo"cmTC_4ebad.dir\Debug\\" /Fd"cmTC_4ebad.dir\Debug\vc140.pdb" /Gd /TC /analyze- /errorReport:queue "C:\Program Files\CMake\share\cmake-3.7\Modules\CheckFunctionExists.c"
  Microsoft (R) C/C++ Optimizing Compiler Version 19.00.24215.1 for x86
  Copyright (C) Microsoft Corporation.  All rights reserved.
  
  cl /c /Zi /W3 /WX- /Od /Ob0 /Oy- /D WIN32 /D _WINDOWS /D CHECK_FUNCTION_EXISTS=strtoq /D _DEBUG /D "CMAKE_INTDIR=\"Debug\"" /D _MBCS /Gm- /RTC1 /MDd /GS /fp:precise /Zc:wchar_t /Zc:forScope /Zc:inline /Fo"cmTC_4ebad.dir\Debug\\" /Fd"cmTC_4ebad.dir\Debug\vc140.pdb" /Gd /TC /analyze- /errorReport:queue "C:\Program Files\CMake\share\cmake-3.7\Modules\CheckFunctionExists.c"
  
  CheckFunctionExists.c
Link:
  C:\Program Files (x86)\Microsoft Visual Studio 14.0\VC\bin\link.exe /ERRORREPORT:QUEUE /OUT:"C:\Users\vic\Documents\obs-dev\obs-studio\build32\CMakeFiles\CMakeTmp\Debug\cmTC_4ebad.exe" /INCREMENTAL /NOLOGO kernel32.lib user32.lib gdi32.lib winspool.lib shell32.lib ole32.lib oleaut32.lib uuid.lib comdlg32.lib advapi32.lib /MANIFEST /MANIFESTUAC:"level='asInvoker' uiAccess='false'" /manifest:embed /DEBUG /PDB:"C:/Users/vic/Documents/obs-dev/obs-studio/build32/CMakeFiles/CMakeTmp/Debug/cmTC_4ebad.pdb" /SUBSYSTEM:CONSOLE /TLBID:1 /DYNAMICBASE /NXCOMPAT /IMPLIB:"C:/Users/vic/Documents/obs-dev/obs-studio/build32/CMakeFiles/CMakeTmp/Debug/cmTC_4ebad.lib" /MACHINE:X86 /SAFESEH  /machine:X86 cmTC_4ebad.dir\Debug\CheckFunctionExists.obj
CheckFunctionExists.obj : error LNK2019: unresolved external symbol _strtoq referenced in function _main [C:\Users\vic\Documents\obs-dev\obs-studio\build32\CMakeFiles\CMakeTmp\cmTC_4ebad.vcxproj]
C:\Users\vic\Documents\obs-dev\obs-studio\build32\CMakeFiles\CMakeTmp\Debug\cmTC_4ebad.exe : fatal error LNK1120: 1 unresolved externals [C:\Users\vic\Documents\obs-dev\obs-studio\build32\CMakeFiles\CMakeTmp\cmTC_4ebad.vcxproj]
專案 "C:\Users\vic\Documents\obs-dev\obs-studio\build32\CMakeFiles\CMakeTmp\cmTC_4ebad.vcxproj" (預設目標) 建置完成 -- 失敗。

建置失敗。

"C:\Users\vic\Documents\obs-dev\obs-studio\build32\CMakeFiles\CMakeTmp\cmTC_4ebad.vcxproj" (預設目標) (1) ->
(Link 目標) -> 
  CheckFunctionExists.obj : error LNK2019: unresolved external symbol _strtoq referenced in function _main [C:\Users\vic\Documents\obs-dev\obs-studio\build32\CMakeFiles\CMakeTmp\cmTC_4ebad.vcxproj]
  C:\Users\vic\Documents\obs-dev\obs-studio\build32\CMakeFiles\CMakeTmp\Debug\cmTC_4ebad.exe : fatal error LNK1120: 1 unresolved externals [C:\Users\vic\Documents\obs-dev\obs-studio\build32\CMakeFiles\CMakeTmp\cmTC_4ebad.vcxproj]

    0 個警告
    2 個錯誤

經過時間 00:00:00.84


Performing C SOURCE FILE Test HAVE___INLINE__ failed with the following output:
Change Dir: C:/Users/vic/Documents/obs-dev/obs-studio/build32/CMakeFiles/CMakeTmp

Run Build Command:"C:/Program Files (x86)/MSBuild/14.0/bin/MSBuild.exe" "cmTC_4de16.vcxproj" "/p:Configuration=Debug" "/p:VisualStudioVersion=14.0"
Microsoft (R) Build Engine version 14.0.25420.1
Copyright (C) Microsoft Corporation. 著作權所有，並保留一切權利。

已經開始建置於 3/15/17 16:02:42。
節點 1 (預設目標) 上的專案 "C:\Users\vic\Documents\obs-dev\obs-studio\build32\CMakeFiles\CMakeTmp\cmTC_4de16.vcxproj"。
PrepareForBuild:
  正在建立目錄 "cmTC_4de16.dir\Debug\"。
  正在建立目錄 "C:\Users\vic\Documents\obs-dev\obs-studio\build32\CMakeFiles\CMakeTmp\Debug\"。
  正在建立目錄 "cmTC_4de16.dir\Debug\cmTC_4de16.tlog\"。
InitializeBuildStatus:
  由於指定了 "AlwaysCreate"，因此正在建立 "cmTC_4de16.dir\Debug\cmTC_4de16.tlog\unsuccessfulbuild"。
ClCompile:
  C:\Program Files (x86)\Microsoft Visual Studio 14.0\VC\bin\CL.exe /c /Zi /W3 /WX- /Od /Ob0 /Oy- /D WIN32 /D _WINDOWS /D HAVE___INLINE__ /D _DEBUG /D "CMAKE_INTDIR=\"Debug\"" /D _MBCS /Gm- /RTC1 /MDd /GS /fp:precise /Zc:wchar_t /Zc:forScope /Zc:inline /Fo"cmTC_4de16.dir\Debug\\" /Fd"cmTC_4de16.dir\Debug\vc140.pdb" /Gd /TC /analyze- /errorReport:queue "C:\Users\vic\Documents\obs-dev\obs-studio\build32\CMakeFiles\CMakeTmp\src.c"
  Microsoft (R) C/C++ Optimizing Compiler Version 19.00.24215.1 for x86
  Copyright (C) Microsoft Corporation.  All rights reserved.
  
  cl /c /Zi /W3 /WX- /Od /Ob0 /Oy- /D WIN32 /D _WINDOWS /D HAVE___INLINE__ /D _DEBUG /D "CMAKE_INTDIR=\"Debug\"" /D _MBCS /Gm- /RTC1 /MDd /GS /fp:precise /Zc:wchar_t /Zc:forScope /Zc:inline /Fo"cmTC_4de16.dir\Debug\\" /Fd"cmTC_4de16.dir\Debug\vc140.pdb" /Gd /TC /analyze- /errorReport:queue "C:\Users\vic\Documents\obs-dev\obs-studio\build32\CMakeFiles\CMakeTmp\src.c"
  
  src.c
C:\Users\vic\Documents\obs-dev\obs-studio\build32\CMakeFiles\CMakeTmp\src.c(1): error C2054: expected '(' to follow '__inline__' [C:\Users\vic\Documents\obs-dev\obs-studio\build32\CMakeFiles\CMakeTmp\cmTC_4de16.vcxproj]
C:\Users\vic\Documents\obs-dev\obs-studio\build32\CMakeFiles\CMakeTmp\src.c(1): error C2085: 'func': not in formal parameter list [C:\Users\vic\Documents\obs-dev\obs-studio\build32\CMakeFiles\CMakeTmp\cmTC_4de16.vcxproj]
C:\Users\vic\Documents\obs-dev\obs-studio\build32\CMakeFiles\CMakeTmp\src.c(1): error C2143: syntax error: missing ';' before '{' [C:\Users\vic\Documents\obs-dev\obs-studio\build32\CMakeFiles\CMakeTmp\cmTC_4de16.vcxproj]
C:\Users\vic\Documents\obs-dev\obs-studio\build32\CMakeFiles\CMakeTmp\src.c(1): warning C4013: 'func' undefined; assuming extern returning int [C:\Users\vic\Documents\obs-dev\obs-studio\build32\CMakeFiles\CMakeTmp\cmTC_4de16.vcxproj]
專案 "C:\Users\vic\Documents\obs-dev\obs-studio\build32\CMakeFiles\CMakeTmp\cmTC_4de16.vcxproj" (預設目標) 建置完成 -- 失敗。

建置失敗。

"C:\Users\vic\Documents\obs-dev\obs-studio\build32\CMakeFiles\CMakeTmp\cmTC_4de16.vcxproj" (預設目標) (1) ->
(ClCompile 目標) -> 
  C:\Users\vic\Documents\obs-dev\obs-studio\build32\CMakeFiles\CMakeTmp\src.c(1): warning C4013: 'func' undefined; assuming extern returning int [C:\Users\vic\Documents\obs-dev\obs-studio\build32\CMakeFiles\CMakeTmp\cmTC_4de16.vcxproj]


"C:\Users\vic\Documents\obs-dev\obs-studio\build32\CMakeFiles\CMakeTmp\cmTC_4de16.vcxproj" (預設目標) (1) ->
(ClCompile 目標) -> 
  C:\Users\vic\Documents\obs-dev\obs-studio\build32\CMakeFiles\CMakeTmp\src.c(1): error C2054: expected '(' to follow '__inline__' [C:\Users\vic\Documents\obs-dev\obs-studio\build32\CMakeFiles\CMakeTmp\cmTC_4de16.vcxproj]
  C:\Users\vic\Documents\obs-dev\obs-studio\build32\CMakeFiles\CMakeTmp\src.c(1): error C2085: 'func': not in formal parameter list [C:\Users\vic\Documents\obs-dev\obs-studio\build32\CMakeFiles\CMakeTmp\cmTC_4de16.vcxproj]
  C:\Users\vic\Documents\obs-dev\obs-studio\build32\CMakeFiles\CMakeTmp\src.c(1): error C2143: syntax error: missing ';' before '{' [C:\Users\vic\Documents\obs-dev\obs-studio\build32\CMakeFiles\CMakeTmp\cmTC_4de16.vcxproj]

    1 個警告
    3 個錯誤

經過時間 00:00:00.52

Source file was:
__inline__ void func(); void func() { } int main() { func(); return 0; }
Determining if files pthread.h exist failed with the following output:
Change Dir: C:/Users/vic/Documents/obs-dev/obs-studio/build32/CMakeFiles/CMakeTmp

Run Build Command:"C:/Program Files (x86)/MSBuild/14.0/bin/MSBuild.exe" "cmTC_69c27.vcxproj" "/p:Configuration=Debug" "/p:VisualStudioVersion=14.0"
Microsoft (R) Build Engine version 14.0.25420.1
Copyright (C) Microsoft Corporation. 著作權所有，並保留一切權利。

已經開始建置於 3/15/17 16:02:45。
節點 1 (預設目標) 上的專案 "C:\Users\vic\Documents\obs-dev\obs-studio\build32\CMakeFiles\CMakeTmp\cmTC_69c27.vcxproj"。
PrepareForBuild:
  正在建立目錄 "cmTC_69c27.dir\Debug\"。
  正在建立目錄 "C:\Users\vic\Documents\obs-dev\obs-studio\build32\CMakeFiles\CMakeTmp\Debug\"。
  正在建立目錄 "cmTC_69c27.dir\Debug\cmTC_69c27.tlog\"。
InitializeBuildStatus:
  由於指定了 "AlwaysCreate"，因此正在建立 "cmTC_69c27.dir\Debug\cmTC_69c27.tlog\unsuccessfulbuild"。
ClCompile:
  C:\Program Files (x86)\Microsoft Visual Studio 14.0\VC\bin\CL.exe /c /Zi /W3 /WX- /Od /Ob0 /Oy- /D WIN32 /D _WINDOWS /D _DEBUG /D "CMAKE_INTDIR=\"Debug\"" /D _MBCS /Gm- /RTC1 /MDd /GS /fp:precise /Zc:wchar_t /Zc:forScope /Zc:inline /Fo"cmTC_69c27.dir\Debug\\" /Fd"cmTC_69c27.dir\Debug\vc140.pdb" /Gd /TC /analyze- /errorReport:queue "C:\Users\vic\Documents\obs-dev\obs-studio\build32\CMakeFiles\CMakeTmp\CheckIncludeFiles.c"
  Microsoft (R) C/C++ Optimizing Compiler Version 19.00.24215.1 for x86
  Copyright (C) Microsoft Corporation.  All rights reserved.
  
  cl /c /Zi /W3 /WX- /Od /Ob0 /Oy- /D WIN32 /D _WINDOWS /D _DEBUG /D "CMAKE_INTDIR=\"Debug\"" /D _MBCS /Gm- /RTC1 /MDd /GS /fp:precise /Zc:wchar_t /Zc:forScope /Zc:inline /Fo"cmTC_69c27.dir\Debug\\" /Fd"cmTC_69c27.dir\Debug\vc140.pdb" /Gd /TC /analyze- /errorReport:queue "C:\Users\vic\Documents\obs-dev\obs-studio\build32\CMakeFiles\CMakeTmp\CheckIncludeFiles.c"
  
  CheckIncludeFiles.c
C:\Users\vic\Documents\obs-dev\obs-studio\build32\CMakeFiles\CMakeTmp\CheckIncludeFiles.c(2): fatal error C1083: Cannot open include file: 'pthread.h': No such file or directory [C:\Users\vic\Documents\obs-dev\obs-studio\build32\CMakeFiles\CMakeTmp\cmTC_69c27.vcxproj]
專案 "C:\Users\vic\Documents\obs-dev\obs-studio\build32\CMakeFiles\CMakeTmp\cmTC_69c27.vcxproj" (預設目標) 建置完成 -- 失敗。

建置失敗。

"C:\Users\vic\Documents\obs-dev\obs-studio\build32\CMakeFiles\CMakeTmp\cmTC_69c27.vcxproj" (預設目標) (1) ->
(ClCompile 目標) -> 
  C:\Users\vic\Documents\obs-dev\obs-studio\build32\CMakeFiles\CMakeTmp\CheckIncludeFiles.c(2): fatal error C1083: Cannot open include file: 'pthread.h': No such file or directory [C:\Users\vic\Documents\obs-dev\obs-studio\build32\CMakeFiles\CMakeTmp\cmTC_69c27.vcxproj]

    0 個警告
    1 個錯誤

經過時間 00:00:00.58

Source:
/* */
#include <pthread.h>


int main(void){return 0;}

